  Main.cpp
c:\users\100551116\documents\repos\gdw second yr\shadow's play\shadow's play\Lights.h(18): warning C4305: 'initializing': truncation from 'double' to 'float'
c:\users\100551116\documents\repos\gdw second yr\shadow's play\shadow's play\Lights.h(19): warning C4305: 'initializing': truncation from 'double' to 'float'
..\..\Shadow's Play\Shadow's Play\Main.cpp(5): warning C4244: 'argument': conversion from 'time_t' to 'unsigned int', possible loss of data
  Player.cpp
c:\users\100551116\documents\repos\gdw second yr\shadow's play\shadow's play\Lights.h(18): warning C4305: 'initializing': truncation from 'double' to 'float'
c:\users\100551116\documents\repos\gdw second yr\shadow's play\shadow's play\Lights.h(19): warning C4305: 'initializing': truncation from 'double' to 'float'
..\..\Shadow's Play\Shadow's Play\Player.cpp(200): warning C4018: '<': signed/unsigned mismatch
  States.cpp
c:\users\100551116\documents\repos\gdw second yr\shadow's play\shadow's play\Lights.h(18): warning C4305: 'initializing': truncation from 'double' to 'float'
c:\users\100551116\documents\repos\gdw second yr\shadow's play\shadow's play\Lights.h(19): warning C4305: 'initializing': truncation from 'double' to 'float'
..\..\Shadow's Play\Shadow's Play\States.cpp(1097): warning C4244: '=': conversion from 'float' to 'int', possible loss of data
..\..\Shadow's Play\Shadow's Play\States.cpp(1434): warning C4305: '+=': truncation from 'double' to 'float'
  Window.cpp
c:\users\100551116\documents\repos\gdw second yr\shadow's play\shadow's play\Lights.h(18): warning C4305: 'initializing': truncation from 'double' to 'float'
c:\users\100551116\documents\repos\gdw second yr\shadow's play\shadow's play\Lights.h(19): warning C4305: 'initializing': truncation from 'double' to 'float'
..\..\Shadow's Play\Shadow's Play\Window.cpp(11): warning C4930: 'sf::RenderWindow window(void)': prototyped function not called (was a variable definition intended?)
  Generating code
  453 of 3244 functions (14.0%) were compiled, the rest were copied from previous compilation.
    8 functions were new in current compilation
    9 functions had inline decision re-evaluated but remain unchanged
  Finished generating code
  Shadow's Play.vcxproj -> C:\Users\100551116\Documents\Repos\GDW Second Yr\Shadow's Play\Release\Shadow's Play.exe
  Shadow's Play.vcxproj -> C:\Users\100551116\Documents\Repos\GDW Second Yr\Shadow's Play\Release\Shadow's Play.pdb (Full PDB)
