c:\users\100578667\documents\visual studio 2015\projects\shadow's play\shadow's play\debug\vc140.pdb
c:\users\100578667\documents\visual studio 2015\projects\shadow's play\shadow's play\debug\vc140.idb
c:\users\100578667\documents\visual studio 2015\projects\shadow's play\shadow's play\debug\gameobject.obj
c:\users\100578667\documents\visual studio 2015\projects\shadow's play\shadow's play\debug\gamestates.obj
c:\users\100578667\documents\visual studio 2015\projects\shadow's play\shadow's play\debug\input.obj
c:\users\100578667\documents\visual studio 2015\projects\shadow's play\shadow's play\debug\main.obj
c:\users\100578667\documents\visual studio 2015\projects\shadow's play\shadow's play\debug\mesh.obj
c:\users\100578667\documents\visual studio 2015\projects\shadow's play\shadow's play\debug\player.obj
c:\users\100578667\documents\visual studio 2015\projects\shadow's play\shadow's play\debug\sceneobject.obj
c:\users\100578667\documents\visual studio 2015\projects\shadow's play\shadow's play\debug\shader.obj
c:\users\100578667\documents\visual studio 2015\projects\shadow's play\shadow's play\debug\sound.obj
c:\users\100578667\documents\visual studio 2015\projects\shadow's play\shadow's play\debug\speedcontrol.obj
c:\users\100578667\documents\visual studio 2015\projects\shadow's play\shadow's play\debug\states.obj
c:\users\100578667\documents\visual studio 2015\projects\shadow's play\shadow's play\debug\texture.obj
c:\users\100578667\documents\visual studio 2015\projects\shadow's play\shadow's play\debug\transform.obj
c:\users\100578667\documents\visual studio 2015\projects\shadow's play\shadow's play\debug\window.obj
c:\users\100578667\documents\visual studio 2015\projects\shadow's play\debug\shadow's play.ilk
c:\users\100578667\documents\visual studio 2015\projects\shadow's play\debug\shadow's play.exe
c:\users\100578667\documents\visual studio 2015\projects\shadow's play\debug\shadow's play.pdb
c:\users\100578667\documents\visual studio 2015\projects\shadow's play\shadow's play\debug\shadow's play.tlog\cl.command.1.tlog
c:\users\100578667\documents\visual studio 2015\projects\shadow's play\shadow's play\debug\shadow's play.tlog\cl.read.1.tlog
c:\users\100578667\documents\visual studio 2015\projects\shadow's play\shadow's play\debug\shadow's play.tlog\cl.write.1.tlog
c:\users\100578667\documents\visual studio 2015\projects\shadow's play\shadow's play\debug\shadow's play.tlog\link.command.1.tlog
c:\users\100578667\documents\visual studio 2015\projects\shadow's play\shadow's play\debug\shadow's play.tlog\link.read.1.tlog
c:\users\100578667\documents\visual studio 2015\projects\shadow's play\shadow's play\debug\shadow's play.tlog\link.write.1.tlog
